=== Production preflight (rerun) @ d3a4eea3b81d8aab04ae985fad37f99d44ee3eb3 on 2026-07-12T04:47:37Z ===
added 51 packages in 30s
●  (SSG)     prerendered as static HTML (uses generateStaticParams)

generated outputs regenerated (trust-manifest, 541 companion recipes, search-index)
generated outputs remain untracked
Companion security tests passed.
Companion gate rollover test passed.
Phase 2 trust tests passed.
Phase 2 dietary-edge tests passed.
Worker security-header tests passed.
Phase 3 product-loop tests passed.
Phase 3 edge-case tests passed.
Corpus correction tests passed.
Phase 4 local-kitchen tests passed.
Phase 5 portable-kitchen sync tests passed.
Phase 6 living-cookbook tests passed.
Account-deletion worker tests passed.
check-trust: 0 error(s), 47 warning(s)
Total Upload: 47.20 KiB / gzip: 13.34 KiB
env.HOSTED_COMPANION_ENABLED ("false")                                      Environment Variable      
=== PREFLIGHT COMPLETE: ALL PASSED ===
