PASSED  rls-anon-table-read-denied — status 401
PASSED  device-registration — status 200 {"ok":true}
PASSED  sync-push — status 200 {"accepted":[],"conflicts":[{"id":"1d29fdc3-182d-40ab-9472-4f32669132de","reason":"concurrent_edit",
PASSED  duplicate-mutation-idempotent — same mutationId replayed without error/duplication
PASSED  rls-cross-user-pull-denied — denied 404
PASSED  household-create — status 200
PASSED  household-invite-create — status 200
PASSED  household-invite-accept — status 200
PASSED  household-invite-replay-rejected — status 400
PASSED  household-viewer-write-denied — status 400
PASSED  household-removed-member-loses-access — status 404
PASSED  contribution-draft-create — status 200 {"draft":{"id":"bd5dcdb5-be38-4d95-96e2-cd7f78e22b51","scope":{"id":null,"type":
PASSED  contribution-submit — status 200 {"draft":{"id":"bd5dcdb5-be38-4d95-96e2-cd7f78e22b51","scope":{"id":null,"type":"personal"},"title":
PASSED  contributor-self-review-blocked — status 400 {"code":"P0001","details":null,"hint":null,"message":"self_review_forbidden"}
WARN    double-tester-blocked — first 404, second 404
PASSED  browser-cannot-claim-candidates — status 403
PASSED  browser-cannot-run-deletion-prep — status 403
PASSED  magic-link-generated — status 200
PASSED  magic-link-first-use — status 200
PASSED  magic-link-replay-rejected — status 403
PASSED  magic-link-malformed-rejected — status 403
PASSED  token-refresh — status 200
PASSED  sign-out — status 204
PASSED  revoked-session-refresh-rejected — status 400
PASSED  revoked-device-push-denied — revoke 200, push-after 400
PASSED  use-this-device-reset — status 200 {"ok":true,"deleted":0}
PASSED  deletion-requested — status 200
PASSED  deletion-worker-hosted — {"id":"account-deletion-worker","processed":1,"completed":1,"failed":0,"dryRun":false,"users":[{"userId":"a37beca7-fad9-
PASSED  deletion-auth-user-gone — status 404
PASSED  deletion-idempotent-rerun — rerun no-op
SUMMARY 29 passed / 1 warn / 0 failed
