PASS  home-200 — status 200
PASS  header:content-security-policy:default-src 'self' — got: default-src 'self'; base-uri 'self'; object-src 'none'; frame-ancestors 'none'; form-action 'self'; script-src 'self' 'u
PASS  header:content-security-policy:frame-ancestors 'none' — got: default-src 'self'; base-uri 'self'; object-src 'none'; frame-ancestors 'none'; form-action 'self'; script-src 'self' 'u
PASS  header:content-security-policy:object-src 'none' — got: default-src 'self'; base-uri 'self'; object-src 'none'; frame-ancestors 'none'; form-action 'self'; script-src 'self' 'u
PASS  header:referrer-policy:strict-origin-when-cross — got: strict-origin-when-cross-origin
PASS  header:x-content-type-options:nosniff — got: nosniff
PASS  header:x-frame-options:DENY — got: DENY
PASS  header:permissions-policy:geolocation=() — got: camera=(self), microphone=(self), geolocation=(), payment=(), usb=()
PASS  header:cross-origin-opener-policy:same-origin — got: same-origin
PASS  header:cross-origin-resource-policy:same-origin — got: same-origin
PASS  header:strict-transport-security:max-age=31536000 — got: max-age=31536000; includeSubDomains
PASS  recipe-page — status 200, type text/html
PASS  search-index — status 200, type application/json
PASS  trust-manifest — status 200, type application/json
PASS  kitchen-dashboard — status 200, type text/html
PASS  account-page — status 200, type text/html
PASS  review-route — status 200, type text/html
PASS  service-worker — status 200, type text/javascript
PASS  sw-not-immutable — cache-control: public, max-age=0, must-revalidate
PASS  static-asset-long-cache — cache-control: public, max-age=31536000, immutable
PASS  companion-session-issued — status 201
PASS  companion-session-secure-cookie — cookie flags: __Host-ca_companion_session=120265d8-ff6c-4a74-98f5-d63ca643f569; Path=/; Max-Ag
PASS  companion-api-no-store — cache-control: no-store
PASS  companion-turn-requires-session — status 401, error session_expired
PASS  bundles-no-secrets — 10 bundles scanned
{"id":"staging-smoke-test","origin":"https://cook-anything.robofox.online","generatedAt":"2026-07-12T13:36:56.984Z","total":25,"failed":0,"status":"passed","results":[{"id":"home-200","status":"passed","detail":"status 200"},{"id":"header:content-security-policy:default-src 'self'","status":"passed","detail":"got: default-src 'self'; base-uri 'self'; object-src 'none'; frame-ancestors 'none'; form-action 'self'; script-src 'self' 'u"},{"id":"header:content-security-policy:frame-ancestors 'none'","status":"passed","detail":"got: default-src 'self'; base-uri 'self'; object-src 'none'; frame-ancestors 'none'; form-action 'self'; script-src 'self' 'u"},{"id":"header:content-security-policy:object-src 'none'","status":"passed","detail":"got: default-src 'self'; base-uri 'self'; object-src 'none'; frame-ancestors 'none'; form-action 'self'; script-src 'self' 'u"},{"id":"header:referrer-policy:strict-origin-when-cross","status":"passed","detail":"got: strict-origin-when-cross-origin"},{"id":"header:x-content-type-options:nosniff","status":"passed","detail":"got: nosniff"},{"id":"header:x-frame-options:DENY","status":"passed","detail":"got: DENY"},{"id":"header:permissions-policy:geolocation=()","status":"passed","detail":"got: camera=(self), microphone=(self), geolocation=(), payment=(), usb=()"},{"id":"header:cross-origin-opener-policy:same-origin","status":"passed","detail":"got: same-origin"},{"id":"header:cross-origin-resource-policy:same-origin","status":"passed","detail":"got: same-origin"},{"id":"header:strict-transport-security:max-age=31536000","status":"passed","detail":"got: max-age=31536000; includeSubDomains"},{"id":"recipe-page","status":"passed","detail":"status 200, type text/html"},{"id":"search-index","status":"passed","detail":"status 200, type application/json"},{"id":"trust-manifest","status":"passed","detail":"status 200, type application/json"},{"id":"kitchen-dashboard","status":"passed","detail":"status 200, type text/html"},{"id":"account-page","status":"passed","detail":"status 200, type text/html"},{"id":"review-route","status":"passed","detail":"status 200, type text/html"},{"id":"service-worker","status":"passed","detail":"status 200, type text/javascript"},{"id":"sw-not-immutable","status":"passed","detail":"cache-control: public, max-age=0, must-revalidate"},{"id":"static-asset-long-cache","status":"passed","detail":"cache-control: public, max-age=31536000, immutable"},{"id":"companion-session-issued","status":"passed","detail":"status 201"},{"id":"companion-session-secure-cookie","status":"passed","detail":"cookie flags: __Host-ca_companion_session=120265d8-ff6c-4a74-98f5-d63ca643f569; Path=/; Max-Ag"},{"id":"companion-api-no-store","status":"passed","detail":"cache-control: no-store"},{"id":"companion-turn-requires-session","status":"passed","detail":"status 401, error session_expired"},{"id":"bundles-no-secrets","status":"passed","detail":"10 bundles scanned"}]}
